<?xml version="1.0" encoding="UTF-8"?>
<!-- Generated by org.testng.reporters.JUnitReportReporter -->
<testsuite hostname="MahalakshmiLingesan" failures="0" tests="1" name="com.servicenow.CreateChangeRequestWithFile" time="5.225" errors="0" timestamp="2025-09-30T22:17:34 IST" skipped="0">
  <testcase classname="com.servicenow.CreateChangeRequestWithFile" name="createChageRequest" time="5.225"/>
</testsuite> <!-- com.servicenow.CreateChangeRequestWithFile -->
