<?xml version="1.0" encoding="UTF-8"?>
<!-- Generated by org.testng.reporters.JUnitReportReporter -->
<testsuite hostname="MahalakshmiLingesan" failures="0" tests="1" name="com.servicenow.changerequest.CreateChangeRequestWithFile" time="4.807" errors="0" timestamp="2025-09-30T19:13:43 IST" skipped="0">
  <testcase classname="com.servicenow.changerequest.CreateChangeRequestWithFile" name="createChangeRequest" time="4.807"/>
</testsuite> <!-- com.servicenow.changerequest.CreateChangeRequestWithFile -->
