<?xml version="1.0" encoding="UTF-8"?>
<!-- Generated by org.testng.reporters.JUnitReportReporter -->
<testsuite hostname="MahalakshmiLingesan" failures="0" tests="1" name="com.servicenow.GetwithQueryParams" time="6.597" errors="0" timestamp="2025-09-30T22:31:49 IST" skipped="0">
  <testcase classname="com.servicenow.GetwithQueryParams" name="getChangeRequest" time="6.597"/>
</testsuite> <!-- com.servicenow.GetwithQueryParams -->
