<?xml version="1.0" encoding="UTF-8"?>
<!-- Generated by org.testng.reporters.JUnitReportReporter -->
<testsuite hostname="MahalakshmiLingesan" failures="0" tests="1" name="com.servicenow.changerequest.GetwithQueryParams" time="4.754" errors="0" timestamp="2025-09-30T18:35:32 IST" skipped="0">
  <testcase classname="com.servicenow.changerequest.GetwithQueryParams" name="getChangeRequest" time="4.754"/>
</testsuite> <!-- com.servicenow.changerequest.GetwithQueryParams -->
