<?xml version="1.0" encoding="UTF-8"?>
<!-- Generated by org.testng.reporters.JUnitReportReporter -->
<testsuite hostname="MahalakshmiLingesan" failures="0" tests="3" name="com.servicenow.changerequest.IncidentManagement" time="9.775" errors="0" timestamp="2025-09-30T19:00:42 IST" skipped="0">
  <testcase classname="com.servicenow.changerequest.IncidentManagement" name="createChangeRequest" time="5.931"/>
  <testcase classname="com.servicenow.changerequest.IncidentManagement" name="updateChangeRequest" time="1.833"/>
  <testcase classname="com.servicenow.changerequest.IncidentManagement" name="deleteChangeRequest" time="2.011"/>
</testsuite> <!-- com.servicenow.changerequest.IncidentManagement -->
