<?xml version="1.0" encoding="UTF-8"?>
<!-- Generated by org.testng.reporters.JUnitReportReporter -->
<testsuite hostname="MahalakshmiLingesan" failures="0" tests="3" name="com.servicenow.IncidentManagement" time="12.223" errors="0" timestamp="2025-09-30T22:34:57 IST" skipped="0">
  <testcase classname="com.servicenow.IncidentManagement" name="createChangeRequest" time="8.090"/>
  <testcase classname="com.servicenow.IncidentManagement" name="updateChangeRequest" time="2.098"/>
  <testcase classname="com.servicenow.IncidentManagement" name="deleteChangeRequest" time="2.035"/>
</testsuite> <!-- com.servicenow.IncidentManagement -->
